<?xml version="1.0" encoding="UTF-8"?>
<!-- Generated by org.testng.reporters.JUnitXMLReporter -->
<testsuite ignored="0" hostname="DESKTOP-6BOD738" failures="2" tests="8" name="Test" time="0.158" errors="0" timestamp="28 Dec 2021 08:50:51 GMT">
  <testcase classname="com.TestNG.features.IRetry_Analyser_Features" name="credentials" time="0.028">
    <skipped/>
  </testcase> <!-- credentials -->
  <testcase classname="com.TestNG.features.IRetry_Analyser_Features" name="credentials" time="0.005">
    <skipped/>
  </testcase> <!-- credentials -->
  <testcase classname="com.TestNG.features.IRetry_Analyser_Features" name="credentials" time="0.004">
    <skipped/>
  </testcase> <!-- credentials -->
  <testcase classname="com.TestNG.features.IRetry_Analyser_Features" name="credentials" time="0.002">
    <failure type="java.lang.AssertionError" message="expected [Jackson] but found [jackson]">
      <![CDATA[java.lang.AssertionError: expected [Jackson] but found [jackson]
at com.TestNG.features.IRetry_Analyser_Features.credentials(IRetry_Analyser_Features.java:14)
... Removed 31 stack frames]]>
    </failure>
  </testcase> <!-- credentials -->
  <testcase classname="com.TestNG.features.IRetry_Analyser_Features" name="credentials1" time="0.002">
    <skipped/>
  </testcase> <!-- credentials1 -->
  <testcase classname="com.TestNG.features.IRetry_Analyser_Features" name="credentials1" time="0.004">
    <skipped/>
  </testcase> <!-- credentials1 -->
  <testcase classname="com.TestNG.features.IRetry_Analyser_Features" name="credentials1" time="0.001">
    <skipped/>
  </testcase> <!-- credentials1 -->
  <testcase classname="com.TestNG.features.IRetry_Analyser_Features" name="credentials1" time="0.003">
    <failure type="java.lang.AssertionError" message="expected [mickael] but found [Mickael]">
      <![CDATA[java.lang.AssertionError: expected [mickael] but found [Mickael]
at com.TestNG.features.IRetry_Analyser_Features.credentials1(IRetry_Analyser_Features.java:23)
... Removed 31 stack frames]]>
    </failure>
  </testcase> <!-- credentials1 -->
</testsuite> <!-- Test -->
