<?xml version="1.0" encoding="UTF-8"?>
<testng-results ignored="0" total="2" passed="2" failed="0" skipped="0">
  <reporter-output>
  </reporter-output>
  <suite started-at="2022-01-26T17:21:28 IST" name="Suite" finished-at="2022-01-26T17:22:10 IST" duration-ms="41581">
    <groups>
    </groups>
    <test started-at="2022-01-26T17:21:28 IST" name="Test" finished-at="2022-01-26T17:22:10 IST" duration-ms="41581">
      <class name="com.TestNG.features.Parllel_Test">
        <test-method signature="google()[pri:0, instance:com.TestNG.features.Parllel_Test@fba92d3]" started-at="2022-01-26T17:21:29 IST" name="google" finished-at="2022-01-26T17:22:10 IST" duration-ms="41483" status="PASS">
          <reporter-output>
          </reporter-output>
        </test-method> <!-- google -->
        <test-method signature="gogle()[pri:0, instance:com.TestNG.features.Parllel_Test@fba92d3]" started-at="2022-01-26T17:21:29 IST" name="gogle" finished-at="2022-01-26T17:22:09 IST" duration-ms="40891" status="PASS">
          <reporter-output>
          </reporter-output>
        </test-method> <!-- gogle -->
      </class> <!-- com.TestNG.features.Parllel_Test -->
    </test> <!-- Test -->
  </suite> <!-- Suite -->
</testng-results>
