<?xml version="1.0" encoding="UTF-8"?>
<!-- Generated by org.testng.reporters.JUnitXMLReporter -->
<testsuite ignored="0" hostname="DESKTOP-6BOD738" failures="0" tests="3" name="Test" time="0.125" errors="0" timestamp="2021-12-21T13:49:56 IST">
  <testcase classname="com.TestNG.features.Simple_Annotations" name="Kids" time="0.01"/>
  <testcase classname="com.TestNG.features.Simple_Annotations" name="Men" time="0.003"/>
  <testcase classname="com.TestNG.features.Simple_Annotations" name="Women" time="0.002"/>
</testsuite> <!-- Test -->
